<?xml version="1.0" encoding="UTF-8"?>
<!-- Generated by org.testng.reporters.JUnitReportReporter -->
<testsuite hostname="DESKTOP-ABP9BEO" name="javaClassPack.FullPageScreenShot" tests="1" failures="0" timestamp="9 May 2019 12:02:51 GMT" time="2140.153" errors="0">
  <testcase name="CaptureFullScreenShot" time="2140.153" classname="javaClassPack.FullPageScreenShot"/>
</testsuite> <!-- javaClassPack.FullPageScreenShot -->
